<?xml version="1.0" encoding="UTF-8"?>
<!-- Generated by org.testng.reporters.JUnitReportReporter -->
<testsuite hostname="mary-VPCSB31FD" failures="0" tests="1" name="com.qa.tests.PostAPITest" time="1.276" errors="0" timestamp="2020-05-06T16:17:04 CEST" skipped="0">
  <testcase classname="com.qa.tests.PostAPITest" name="postAPITest" time="1.276"/>
  <system-out/>
</testsuite> <!-- com.qa.tests.PostAPITest -->
