<?xml version="1.0" encoding="UTF-8"?>
<!-- Generated by org.testng.reporters.JUnitReportReporter -->
<testsuite hostname="mary-VPCSB31FD" failures="0" tests="2" name="com.qa.tests.GetAPITest" time="1.159" errors="0" timestamp="2020-05-05T20:58:15 CEST" skipped="0">
  <testcase classname="com.qa.tests.GetAPITest" name="getAPITestWithoutHeaders" time="1.019"/>
  <system-out/>
  <testcase classname="com.qa.tests.GetAPITest" name="getAPITestWithHeaders" time="0.140"/>
  <system-out/>
</testsuite> <!-- com.qa.tests.GetAPITest -->
